{"level":"info","message":"Starting gym-saas backend API...","timestamp":"2026-05-01T20:31:01.001Z"}
{"level":"info","message":"Connecting to MongoDB...","timestamp":"2026-05-01T20:31:01.002Z"}
{"level":"debug","message":"Connected to database: gym-saas-db","timestamp":"2026-05-01T20:31:01.487Z"}
{"level":"info","message":"Connected to MongoDB successfully","timestamp":"2026-05-01T20:31:01.487Z"}
{"level":"info","message":"Server running on port 3001","timestamp":"2026-05-01T20:31:01.494Z"}
{"level":"info","message":"API documentation available at http://localhost:3001/api-docs","timestamp":"2026-05-01T20:31:01.494Z"}
{"headers":{"user-agent":"Mozilla/5.0 (Windows NT 10.0; Win64; x64) AppleWebKit/537.36 (KHTML, like Gecko) Chrome/147.0.0.0 Safari/537.36"},"ip":"::1","level":"debug","message":"Incoming request: GET /api-docs","timestamp":"2026-05-01T20:31:06.850Z"}
{"level":"warn","message":"GET /api-docs 404 - 14ms","timestamp":"2026-05-01T20:31:06.862Z"}
{"level":"info","message":"Starting gym-saas backend API...","timestamp":"2026-05-01T20:48:38.500Z"}
{"level":"info","message":"Connecting to MongoDB...","timestamp":"2026-05-01T20:48:38.501Z"}
{"level":"debug","message":"Connected to database: gym-saas-db","timestamp":"2026-05-01T20:48:38.967Z"}
{"level":"info","message":"Connected to MongoDB successfully","timestamp":"2026-05-01T20:48:38.968Z"}
{"level":"info","message":"Server running on port 3000","timestamp":"2026-05-01T20:48:38.971Z"}
{"level":"info","message":"API documentation available at http://localhost:3000/api-docs","timestamp":"2026-05-01T20:48:38.971Z"}
{"headers":{"content-type":"application/json","user-agent":"PostmanRuntime/7.39.1"},"ip":"::1","level":"debug","message":"Incoming request: POST /api/members","timestamp":"2026-05-01T20:54:02.485Z"}
{"level":"http","message":"POST / 201 - 151ms","timestamp":"2026-05-01T20:54:02.637Z"}
{"headers":{"content-type":"application/json","user-agent":"PostmanRuntime/7.39.1"},"ip":"::1","level":"debug","message":"Incoming request: POST /api/members","timestamp":"2026-05-01T20:55:50.508Z"}
{"level":"http","message":"POST / 201 - 79ms","timestamp":"2026-05-01T20:55:50.586Z"}
{"headers":{"content-type":"application/json","user-agent":"PostmanRuntime/7.39.1"},"ip":"::1","level":"debug","message":"Incoming request: POST /api/members","timestamp":"2026-05-01T20:56:32.985Z"}
{"level":"http","message":"POST / 201 - 87ms","timestamp":"2026-05-01T20:56:33.071Z"}
{"headers":{"content-type":"application/json","user-agent":"PostmanRuntime/7.39.1"},"ip":"::1","level":"debug","message":"Incoming request: POST /api/members","timestamp":"2026-05-01T20:56:45.956Z"}
{"level":"http","message":"POST / 201 - 86ms","timestamp":"2026-05-01T20:56:46.042Z"}
{"headers":{"user-agent":"PostmanRuntime/7.39.1"},"ip":"::1","level":"debug","message":"Incoming request: GET /api/members","timestamp":"2026-05-01T20:57:57.245Z"}
{"level":"http","message":"GET / 200 - 54ms","timestamp":"2026-05-01T20:57:57.299Z"}
{"headers":{"content-type":"application/json","user-agent":"PostmanRuntime/7.39.1"},"ip":"::1","level":"debug","message":"Incoming request: POST /api/plans","timestamp":"2026-05-01T21:16:13.685Z"}
{"level":"warn","message":"POST / 400 - 8ms","timestamp":"2026-05-01T21:16:13.693Z"}
{"level":"info","message":"Received SIGINT. Shutting down gracefully...","timestamp":"2026-05-01T21:17:08.213Z"}
{"level":"info","message":"Starting gym-saas backend API...","timestamp":"2026-05-01T21:17:13.840Z"}
{"level":"info","message":"Connecting to MongoDB...","timestamp":"2026-05-01T21:17:13.841Z"}
{"level":"debug","message":"Connected to database: gym-saas-db","timestamp":"2026-05-01T21:17:14.304Z"}
{"level":"info","message":"Connected to MongoDB successfully","timestamp":"2026-05-01T21:17:14.305Z"}
{"level":"info","message":"Server running on port 3000","timestamp":"2026-05-01T21:17:14.309Z"}
{"level":"info","message":"API documentation available at http://localhost:3000/api-docs","timestamp":"2026-05-01T21:17:14.309Z"}
{"headers":{"content-type":"application/json","user-agent":"PostmanRuntime/7.39.1"},"ip":"::1","level":"debug","message":"Incoming request: POST /api/plans","timestamp":"2026-05-01T21:17:19.778Z"}
{"level":"http","message":"POST / 201 - 123ms","timestamp":"2026-05-01T21:17:19.901Z"}
{"headers":{"content-type":"application/json","user-agent":"PostmanRuntime/7.39.1"},"ip":"::1","level":"debug","message":"Incoming request: POST /api/plans","timestamp":"2026-05-01T21:18:37.511Z"}
{"level":"http","message":"POST / 201 - 108ms","timestamp":"2026-05-01T21:18:37.619Z"}
{"headers":{"content-type":"application/json","user-agent":"PostmanRuntime/7.39.1"},"ip":"::1","level":"debug","message":"Incoming request: POST /api/plans","timestamp":"2026-05-01T21:19:15.501Z"}
{"level":"http","message":"POST / 201 - 85ms","timestamp":"2026-05-01T21:19:15.586Z"}
{"headers":{"user-agent":"PostmanRuntime/7.39.1"},"ip":"::1","level":"debug","message":"Incoming request: GET /api/members","timestamp":"2026-05-01T21:31:51.599Z"}
{"level":"http","message":"GET / 200 - 45ms","timestamp":"2026-05-01T21:31:51.644Z"}
{"headers":{"user-agent":"PostmanRuntime/7.39.1"},"ip":"::1","level":"debug","message":"Incoming request: GET /api/members/69f512ea8e340ca4b1b72eac","timestamp":"2026-05-01T21:32:55.934Z"}
{"level":"http","message":"GET /69f512ea8e340ca4b1b72eac 200 - 46ms","timestamp":"2026-05-01T21:32:55.979Z"}
{"headers":{"user-agent":"PostmanRuntime/7.39.1"},"ip":"::1","level":"debug","message":"Incoming request: POST /api/members/69f512ea8e340ca4b1b72eac","timestamp":"2026-05-01T21:35:43.426Z"}
{"level":"warn","message":"POST /api/members/69f512ea8e340ca4b1b72eac 404 - 2ms","timestamp":"2026-05-01T21:35:43.428Z"}
{"headers":{"user-agent":"PostmanRuntime/7.39.1"},"ip":"::1","level":"debug","message":"Incoming request: GET /api/members/69f512ea8e340ca4b1b72eac","timestamp":"2026-05-01T21:36:02.442Z"}
{"level":"http","message":"GET /69f512ea8e340ca4b1b72eac 200 - 39ms","timestamp":"2026-05-01T21:36:02.482Z"}
{"headers":{"content-type":"application/json","user-agent":"PostmanRuntime/7.39.1"},"ip":"::1","level":"debug","message":"Incoming request: PUT /api/members/69f512ea8e340ca4b1b72eac","timestamp":"2026-05-01T21:37:33.672Z"}
{"level":"error","message":"Update error:","timestamp":"2026-05-01T21:37:33.673Z"}
{"level":"warn","message":"PUT /69f512ea8e340ca4b1b72eac 400 - 2ms","timestamp":"2026-05-01T21:37:33.674Z"}
{"level":"info","message":"Received SIGINT. Shutting down gracefully...","timestamp":"2026-05-01T21:37:56.267Z"}
{"level":"info","message":"Starting gym-saas backend API...","timestamp":"2026-05-01T21:38:02.806Z"}
{"level":"info","message":"Connecting to MongoDB...","timestamp":"2026-05-01T21:38:02.806Z"}
{"level":"debug","message":"Connected to database: gym-saas-db","timestamp":"2026-05-01T21:38:03.310Z"}
{"level":"info","message":"Connected to MongoDB successfully","timestamp":"2026-05-01T21:38:03.311Z"}
{"level":"info","message":"Server running on port 3000","timestamp":"2026-05-01T21:38:03.315Z"}
{"level":"info","message":"API documentation available at http://localhost:3000/api-docs","timestamp":"2026-05-01T21:38:03.316Z"}
{"headers":{"content-type":"application/json","user-agent":"PostmanRuntime/7.39.1"},"ip":"::1","level":"debug","message":"Incoming request: PUT /api/members/69f512ea8e340ca4b1b72eac","timestamp":"2026-05-01T21:38:07.332Z"}
{"level":"error","message":"Update error:","timestamp":"2026-05-01T21:38:07.383Z"}
{"level":"warn","message":"PUT /69f512ea8e340ca4b1b72eac 400 - 55ms","timestamp":"2026-05-01T21:38:07.387Z"}
{"level":"info","message":"Starting gym-saas backend API...","timestamp":"2026-05-02T05:22:06.686Z"}
{"level":"info","message":"Connecting to MongoDB...","timestamp":"2026-05-02T05:22:06.687Z"}
{"level":"debug","message":"Connected to database: gym-saas-db","timestamp":"2026-05-02T05:22:07.517Z"}
{"level":"info","message":"Connected to MongoDB successfully","timestamp":"2026-05-02T05:22:07.519Z"}
{"level":"info","message":"Server running on port 3000","timestamp":"2026-05-02T05:22:07.535Z"}
{"level":"info","message":"API documentation available at http://localhost:3000/api-docs","timestamp":"2026-05-02T05:22:07.536Z"}
{"headers":{"content-type":"application/json","user-agent":"PostmanRuntime/7.39.1"},"ip":"::1","level":"debug","message":"Incoming request: GET /api/members","timestamp":"2026-05-02T05:22:13.897Z"}
{"level":"http","message":"GET / 200 - 51ms","timestamp":"2026-05-02T05:22:13.948Z"}
{"headers":{"content-type":"application/json","user-agent":"PostmanRuntime/7.39.1"},"ip":"::1","level":"debug","message":"Incoming request: GET /api/members","timestamp":"2026-05-02T05:23:03.994Z"}
{"level":"http","message":"GET / 200 - 54ms","timestamp":"2026-05-02T05:23:04.048Z"}
{"headers":{"content-type":"application/json","user-agent":"PostmanRuntime/7.39.1"},"ip":"::1","level":"debug","message":"Incoming request: POST /api/members","timestamp":"2026-05-02T05:26:04.124Z"}
{"level":"http","message":"POST / 201 - 101ms","timestamp":"2026-05-02T05:26:04.224Z"}
{"headers":{"content-type":"application/json","user-agent":"PostmanRuntime/7.39.1"},"ip":"::1","level":"debug","message":"Incoming request: POST /api/members","timestamp":"2026-05-02T05:29:37.848Z"}
{"level":"http","message":"POST / 201 - 99ms","timestamp":"2026-05-02T05:29:37.948Z"}
{"headers":{"content-type":"application/json","user-agent":"PostmanRuntime/7.39.1"},"ip":"::1","level":"debug","message":"Incoming request: PUT /api/members/69f512ea8e340ca4b1b72eac","timestamp":"2026-05-02T05:30:16.832Z"}
{"level":"error","message":"Update error:","timestamp":"2026-05-02T05:30:16.944Z"}
{"level":"warn","message":"PUT /69f512ea8e340ca4b1b72eac 400 - 114ms","timestamp":"2026-05-02T05:30:16.945Z"}
{"headers":{"content-type":"application/json","user-agent":"PostmanRuntime/7.52.0"},"ip":"::1","level":"debug","message":"Incoming request: GET /api/members","timestamp":"2026-05-02T05:32:23.538Z"}
{"level":"http","message":"GET / 200 - 44ms","timestamp":"2026-05-02T05:32:23.584Z"}
{"level":"error","message":"Error occurred: Expected double-quoted property name in JSON at position 74 (line 4 column 1)","method":"PUT","stack":"SyntaxError: Expected double-quoted property name in JSON at position 74 (line 4 column 1)\n    at JSON.parse (<anonymous>)\n    at parse (D:\\Projects\\gym-saas\\gym-saas-backend\\node_modules\\body-parser\\lib\\types\\json.js:72:19)\n    at D:\\Projects\\gym-saas\\gym-saas-backend\\node_modules\\body-parser\\lib\\read.js:162:18\n    at AsyncResource.runInAsyncScope (node:async_hooks:214:14)\n    at invokeCallback (D:\\Projects\\gym-saas\\gym-saas-backend\\node_modules\\raw-body\\index.js:238:16)\n    at done (D:\\Projects\\gym-saas\\gym-saas-backend\\node_modules\\raw-body\\index.js:227:7)\n    at IncomingMessage.onEnd (D:\\Projects\\gym-saas\\gym-saas-backend\\node_modules\\raw-body\\index.js:287:7)\n    at IncomingMessage.emit (node:events:508:28)\n    at IncomingMessage.emit (node:domain:489:12)\n    at endReadableNT (node:internal/streams/readable:1701:12)","timestamp":"2026-05-02T05:44:39.981Z","url":"/api/members/69f512ea8e340ca4b1b72eac"}
{"headers":{"content-type":"application/json","user-agent":"PostmanRuntime/7.52.0"},"ip":"::1","level":"debug","message":"Incoming request: GET /api/members","timestamp":"2026-05-02T05:45:35.442Z"}
{"level":"http","message":"GET / 200 - 46ms","timestamp":"2026-05-02T05:45:35.487Z"}
{"headers":{"content-type":"application/json","user-agent":"PostmanRuntime/7.52.0"},"ip":"::1","level":"debug","message":"Incoming request: PUT /api/members/69f512ea8e340ca4b1b72eac","timestamp":"2026-05-02T05:45:47.752Z"}
{"level":"error","message":"Update error:","timestamp":"2026-05-02T05:45:47.805Z"}
{"level":"warn","message":"PUT /69f512ea8e340ca4b1b72eac 400 - 55ms","timestamp":"2026-05-02T05:45:47.805Z"}
{"headers":{"content-type":"application/json","user-agent":"PostmanRuntime/7.52.0"},"ip":"::1","level":"debug","message":"Incoming request: PUT /api/members/69f512ea8e340ca4b1b72eac","timestamp":"2026-05-02T05:46:47.645Z"}
{"level":"error","message":"Update error:","timestamp":"2026-05-02T05:46:47.687Z"}
{"level":"warn","message":"PUT /69f512ea8e340ca4b1b72eac 400 - 45ms","timestamp":"2026-05-02T05:46:47.694Z"}
{"headers":{"content-type":"application/json","user-agent":"PostmanRuntime/7.52.0"},"ip":"::1","level":"debug","message":"Incoming request: PUT /api/members/69f512ea8e340ca4b1b72eac","timestamp":"2026-05-02T06:03:29.124Z"}
{"level":"error","message":"Update error:","timestamp":"2026-05-02T06:03:29.178Z"}
{"level":"warn","message":"PUT /69f512ea8e340ca4b1b72eac 400 - 54ms","timestamp":"2026-05-02T06:03:29.178Z"}
{"headers":{"user-agent":"PostmanRuntime/7.52.0"},"ip":"::1","level":"debug","message":"Incoming request: GET /api/members/69f512ea8e340ca4b1b72eac","timestamp":"2026-05-02T06:03:36.139Z"}
{"level":"http","message":"GET /69f512ea8e340ca4b1b72eac 200 - 50ms","timestamp":"2026-05-02T06:03:36.189Z"}
{"headers":{"content-type":"application/json","user-agent":"PostmanRuntime/7.52.0"},"ip":"::1","level":"debug","message":"Incoming request: PUT /api/members/69f512ea8e340ca4b1b72eac","timestamp":"2026-05-02T06:03:56.956Z"}
{"level":"error","message":"Update error:","timestamp":"2026-05-02T06:03:56.998Z"}
{"level":"warn","message":"PUT /69f512ea8e340ca4b1b72eac 400 - 45ms","timestamp":"2026-05-02T06:03:57.001Z"}
{"headers":{"content-type":"application/json","user-agent":"PostmanRuntime/7.52.0"},"ip":"::1","level":"debug","message":"Incoming request: PUT /api/members/69f512ea8e340ca4b1b72eac","timestamp":"2026-05-02T06:07:52.546Z"}
{"level":"http","message":"PUT /69f512ea8e340ca4b1b72eac 200 - 94ms","timestamp":"2026-05-02T06:07:52.639Z"}
{"headers":{"content-type":"application/json","user-agent":"PostmanRuntime/7.52.0"},"ip":"::1","level":"debug","message":"Incoming request: PUT /api/members/69f512ea8e340ca4b1b72eac","timestamp":"2026-05-02T06:08:14.955Z"}
{"level":"http","message":"PUT /69f512ea8e340ca4b1b72eac 200 - 89ms","timestamp":"2026-05-02T06:08:15.043Z"}
{"level":"info","message":"Received SIGINT. Shutting down gracefully...","timestamp":"2026-05-02T07:03:32.332Z"}
{"level":"info","message":"Starting gym-saas backend API...","timestamp":"2026-05-02T09:12:59.272Z"}
{"level":"info","message":"Connecting to MongoDB...","timestamp":"2026-05-02T09:12:59.273Z"}
{"level":"debug","message":"Connected to database: gym-saas-db","timestamp":"2026-05-02T09:12:59.755Z"}
{"level":"info","message":"Connected to MongoDB successfully","timestamp":"2026-05-02T09:12:59.756Z"}
{"level":"info","message":"Server running on http://localhost:3001","timestamp":"2026-05-02T09:12:59.761Z"}
{"level":"info","message":"Starting gym-saas backend API...","timestamp":"2026-05-02T09:13:29.318Z"}
{"level":"info","message":"Connecting to MongoDB...","timestamp":"2026-05-02T09:13:29.319Z"}
{"level":"debug","message":"Connected to database: gym-saas-db","timestamp":"2026-05-02T09:13:29.811Z"}
{"level":"info","message":"Connected to MongoDB successfully","timestamp":"2026-05-02T09:13:29.812Z"}
{"level":"info","message":"Server running on http://localhost:3001","timestamp":"2026-05-02T09:13:29.821Z"}
{"level":"info","message":"Starting gym-saas backend API...","timestamp":"2026-05-02T09:14:20.350Z"}
{"level":"info","message":"Connecting to MongoDB...","timestamp":"2026-05-02T09:14:20.350Z"}
{"level":"debug","message":"Connected to database: gym-saas-db","timestamp":"2026-05-02T09:14:20.836Z"}
{"level":"info","message":"Connected to MongoDB successfully","timestamp":"2026-05-02T09:14:20.837Z"}
{"level":"info","message":"Server running on http://localhost:3001","timestamp":"2026-05-02T09:14:20.842Z"}
{"level":"info","message":"Starting gym-saas backend API...","timestamp":"2026-05-02T09:15:23.388Z"}
{"level":"info","message":"Connecting to MongoDB...","timestamp":"2026-05-02T09:15:23.389Z"}
{"level":"debug","message":"Connected to database: gym-saas-db","timestamp":"2026-05-02T09:15:23.863Z"}
{"level":"info","message":"Connected to MongoDB successfully","timestamp":"2026-05-02T09:15:23.864Z"}
{"level":"info","message":"Server running on http://localhost:3001","timestamp":"2026-05-02T09:15:23.868Z"}
{"level":"info","message":"Starting gym-saas backend API...","timestamp":"2026-05-02T09:15:39.865Z"}
{"level":"info","message":"Connecting to MongoDB...","timestamp":"2026-05-02T09:15:39.866Z"}
{"level":"debug","message":"Connected to database: gym-saas-db","timestamp":"2026-05-02T09:15:40.336Z"}
{"level":"info","message":"Connected to MongoDB successfully","timestamp":"2026-05-02T09:15:40.337Z"}
{"level":"info","message":"Server running on http://localhost:3001","timestamp":"2026-05-02T09:15:40.342Z"}
{"level":"info","message":"Starting gym-saas backend API...","timestamp":"2026-05-02T09:15:45.031Z"}
{"level":"info","message":"Connecting to MongoDB...","timestamp":"2026-05-02T09:15:45.031Z"}
{"level":"debug","message":"Connected to database: gym-saas-db","timestamp":"2026-05-02T09:15:45.518Z"}
{"level":"info","message":"Connected to MongoDB successfully","timestamp":"2026-05-02T09:15:45.518Z"}
{"level":"info","message":"Server running on http://localhost:3001","timestamp":"2026-05-02T09:15:45.524Z"}
{"level":"info","message":"Starting gym-saas backend API...","timestamp":"2026-05-02T09:15:55.257Z"}
{"level":"info","message":"Connecting to MongoDB...","timestamp":"2026-05-02T09:15:55.258Z"}
{"level":"debug","message":"Connected to database: gym-saas-db","timestamp":"2026-05-02T09:15:55.718Z"}
{"level":"info","message":"Connected to MongoDB successfully","timestamp":"2026-05-02T09:15:55.718Z"}
{"level":"info","message":"Server running on http://localhost:3001","timestamp":"2026-05-02T09:15:55.722Z"}
{"level":"info","message":"Starting gym-saas backend API...","timestamp":"2026-05-02T09:18:12.468Z"}
{"level":"info","message":"Connecting to MongoDB...","timestamp":"2026-05-02T09:18:12.468Z"}
{"level":"debug","message":"Connected to database: gym-saas-db","timestamp":"2026-05-02T09:18:12.945Z"}
{"level":"info","message":"Starting gym-saas backend API...","timestamp":"2026-05-02T09:18:50.833Z"}
{"level":"info","message":"Connecting to MongoDB...","timestamp":"2026-05-02T09:18:50.834Z"}
{"level":"debug","message":"Connected to database: gym-saas-db","timestamp":"2026-05-02T09:18:51.322Z"}
{"level":"info","message":"Connected to MongoDB successfully","timestamp":"2026-05-02T09:18:51.323Z"}
{"level":"info","message":"Server running on http://localhost:3001","timestamp":"2026-05-02T09:18:51.328Z"}
{"level":"info","message":"Starting gym-saas backend API...","timestamp":"2026-05-02T09:19:12.353Z"}
{"level":"info","message":"Connecting to MongoDB...","timestamp":"2026-05-02T09:19:12.353Z"}
{"level":"debug","message":"Connected to database: gym-saas-db","timestamp":"2026-05-02T09:19:12.830Z"}
{"level":"info","message":"Connected to MongoDB successfully","timestamp":"2026-05-02T09:19:12.833Z"}
{"level":"info","message":"Server running on http://localhost:3001","timestamp":"2026-05-02T09:19:12.871Z"}
{"level":"info","message":"Starting gym-saas backend API...","timestamp":"2026-05-02T09:21:46.829Z"}
{"level":"info","message":"Connecting to MongoDB...","timestamp":"2026-05-02T09:21:46.830Z"}
{"level":"debug","message":"Connected to database: gym-saas-db","timestamp":"2026-05-02T09:21:48.485Z"}
{"level":"info","message":"Connected to MongoDB successfully","timestamp":"2026-05-02T09:21:48.485Z"}
{"level":"info","message":"Server running on http://localhost:3001","timestamp":"2026-05-02T09:21:48.491Z"}
{"level":"info","message":"Starting gym-saas backend API...","timestamp":"2026-05-02T09:22:37.425Z"}
{"level":"info","message":"Connecting to MongoDB...","timestamp":"2026-05-02T09:22:37.426Z"}
{"level":"debug","message":"Connected to database: gym-saas-db","timestamp":"2026-05-02T09:22:38.047Z"}
{"level":"info","message":"Connected to MongoDB successfully","timestamp":"2026-05-02T09:22:38.047Z"}
{"level":"info","message":"Server running on http://localhost:3000","timestamp":"2026-05-02T09:22:38.054Z"}
{"headers":{"content-type":"application/json","user-agent":"PostmanRuntime/7.39.1"},"ip":"::1","level":"debug","message":"Incoming request: GET /api/members","timestamp":"2026-05-02T09:22:42.079Z"}
{"level":"http","message":"GET / 200 - 78ms","timestamp":"2026-05-02T09:22:42.157Z"}
